.history/platform/android/TrackasiaGLAndroidSDKTestApp/build/intermediates/manifest_merge_blame_file/debug/manifest-merger-blame-debug-report_20230717135251.txt
1<?xml version="1.0" encoding="utf-8"?>
2<manifest xmlns:android="http://schemas.android.com/apk/res/android"
3    package="org.maplibre.testapp"
4    android:versionCode="14"
5    android:versionName="6.0.1" >
6
7    <uses-sdk
8        android:minSdkVersion="21"
8-->src/main/AndroidManifest.xml
9        android:targetSdkVersion="33" />
9-->src/main/AndroidManifest.xml
10
11    <uses-permission android:name="android.permission.WRITE_EXTERNAL_STORAGE" />
11-->src/main/AndroidManifest.xml:4:5-81
11-->src/main/AndroidManifest.xml:4:22-78
12    <uses-permission android:name="android.permission.READ_EXTERNAL_STORAGE" />
12-->src/main/AndroidManifest.xml:5:5-80
12-->src/main/AndroidManifest.xml:5:22-77
13
14    <uses-feature
14-->[:TrackasiaGLAndroidSDK] AndroidManifest.xml:7:5-9:35
15        android:glEsVersion="0x00020000"
15-->[:TrackasiaGLAndroidSDK] AndroidManifest.xml:8:9-41
16        android:required="true" />
16-->[:TrackasiaGLAndroidSDK] AndroidManifest.xml:9:9-32
17    <uses-feature
17-->[:TrackasiaGLAndroidSDK] AndroidManifest.xml:10:5-12:36
18        android:name="android.hardware.wifi"
18-->[:TrackasiaGLAndroidSDK] AndroidManifest.xml:11:9-45
19        android:required="false" /> <!-- Implied by ACCESS_WIFI_STATE. -->
19-->[:TrackasiaGLAndroidSDK] AndroidManifest.xml:12:9-33
20    <uses-permission android:name="android.permission.INTERNET" />
20-->[:TrackasiaGLAndroidSDK] AndroidManifest.xml:14:5-67
20-->[:TrackasiaGLAndroidSDK] AndroidManifest.xml:14:22-64
21    <uses-permission android:name="android.permission.ACCESS_NETWORK_STATE" />
21-->[:TrackasiaGLAndroidSDK] AndroidManifest.xml:15:5-79
21-->[:TrackasiaGLAndroidSDK] AndroidManifest.xml:15:22-76
22    <uses-permission android:name="android.permission.ACCESS_WIFI_STATE" />
22-->[:TrackasiaGLAndroidSDK] AndroidManifest.xml:16:5-76
22-->[:TrackasiaGLAndroidSDK] AndroidManifest.xml:16:22-73
23    <uses-permission android:name="android.permission.ACCESS_COARSE_LOCATION" />
23-->[:TrackasiaGLAndroidSDK] AndroidManifest.xml:17:5-81
23-->[:TrackasiaGLAndroidSDK] AndroidManifest.xml:17:22-78
24    <uses-permission android:name="android.permission.ACCESS_FINE_LOCATION" /> <!-- To allow posting notifications on Android 13 -->
24-->[:TrackasiaGLAndroidSDK] AndroidManifest.xml:18:5-79
24-->[:TrackasiaGLAndroidSDK] AndroidManifest.xml:18:22-76
25    <uses-permission android:name="android.permission.POST_NOTIFICATIONS" />
25-->[com.squareup.leakcanary:leakcanary-android-core:2.10] AndroidManifest.xml:29:5-77
25-->[com.squareup.leakcanary:leakcanary-android-core:2.10] AndroidManifest.xml:29:22-74
26
27    <application
27-->src/main/AndroidManifest.xml:7:5-1222:19
28        android:name="org.maplibre.android.testapp.MapLibreApplication"
28-->src/main/AndroidManifest.xml:8:9-44
29        android:allowBackup="true"
29-->src/main/AndroidManifest.xml:9:9-35
30        android:appComponentFactory="androidx.core.app.CoreComponentFactory"
30-->[androidx.core:core:1.8.0] AndroidManifest.xml:24:18-86
31        android:debuggable="true"
32        android:exported="true"
32-->src/main/AndroidManifest.xml:10:9-32
33        android:fullBackupContent="true"
33-->src/main/AndroidManifest.xml:11:9-41
34        android:icon="@drawable/icon"
34-->src/main/AndroidManifest.xml:12:9-38
35        android:label="@string/app_name"
35-->src/main/AndroidManifest.xml:13:9-41
36        android:roundIcon="@drawable/ic_launcher_round"
36-->src/main/AndroidManifest.xml:14:9-56
37        android:supportsRtl="true"
37-->src/main/AndroidManifest.xml:15:9-35
38        android:testOnly="true"
39        android:theme="@style/AppTheme" >
39-->src/main/AndroidManifest.xml:16:9-40
40        <activity
40-->src/main/AndroidManifest.xml:18:9-28:20
41            android:name="org.maplibre.android.testapp.activity.FeatureOverviewActivity"
41-->src/main/AndroidManifest.xml:19:13-61
42            android:exported="true"
42-->src/main/AndroidManifest.xml:20:13-36
43            android:label="@string/app_name"
43-->src/main/AndroidManifest.xml:21:13-45
44            android:launchMode="singleTop" >
44-->src/main/AndroidManifest.xml:22:13-43
45            <intent-filter>
45-->src/main/AndroidManifest.xml:23:13-27:29
46                <action android:name="android.intent.action.MAIN" />
46-->src/main/AndroidManifest.xml:24:17-69
46-->src/main/AndroidManifest.xml:24:25-66
47
48                <category android:name="android.intent.category.LAUNCHER" />
48-->src/main/AndroidManifest.xml:26:17-77
48-->src/main/AndroidManifest.xml:26:27-74
49            </intent-filter>
50        </activity>
51        <activity
51-->src/main/AndroidManifest.xml:29:9-40:20
52            android:name="org.maplibre.android.testapp.activity.infowindow.InfoWindowActivity"
52-->src/main/AndroidManifest.xml:30:13-67
53            android:description="@string/description_info_window"
53-->src/main/AndroidManifest.xml:31:13-66
54            android:exported="true"
54-->src/main/AndroidManifest.xml:32:13-36
55            android:label="@string/activity_info_window" >
55-->src/main/AndroidManifest.xml:33:13-57
56            <meta-data
56-->src/main/AndroidManifest.xml:34:13-36:63
57                android:name="@string/category"
57-->src/main/AndroidManifest.xml:35:17-48
58                android:value="@string/category_infowindow" />
58-->src/main/AndroidManifest.xml:36:17-60
59            <meta-data
59-->src/main/AndroidManifest.xml:37:13-39:69
60                android:name="android.support.PARENT_ACTIVITY"
60-->src/main/AndroidManifest.xml:38:17-63
61                android:value=".activity.FeatureOverviewActivity" />
61-->src/main/AndroidManifest.xml:39:17-66
62        </activity>
63        <activity
63-->src/main/AndroidManifest.xml:41:9-52:20
64            android:name="org.maplibre.android.testapp.activity.infowindow.InfoWindowAdapterActivity"
64-->src/main/AndroidManifest.xml:42:13-74
65            android:description="@string/description_info_window_adapter"
65-->src/main/AndroidManifest.xml:43:13-74
66            android:exported="true"
66-->src/main/AndroidManifest.xml:44:13-36
67            android:label="@string/activity_infowindow_adapter" >
67-->src/main/AndroidManifest.xml:45:13-64
68            <meta-data
68-->src/main/AndroidManifest.xml:34:13-36:63
69                android:name="@string/category"
69-->src/main/AndroidManifest.xml:35:17-48
70                android:value="@string/category_infowindow" />
70-->src/main/AndroidManifest.xml:36:17-60
71            <meta-data
71-->src/main/AndroidManifest.xml:37:13-39:69
72                android:name="android.support.PARENT_ACTIVITY"
72-->src/main/AndroidManifest.xml:38:17-63
73                android:value=".activity.FeatureOverviewActivity" />
73-->src/main/AndroidManifest.xml:39:17-66
74        </activity>
75        <activity
75-->src/main/AndroidManifest.xml:53:9-64:20
76            android:name="org.maplibre.android.testapp.activity.infowindow.DynamicInfoWindowAdapterActivity"
76-->src/main/AndroidManifest.xml:54:13-81
77            android:description="@string/description_dynamic_info_window_adapter"
77-->src/main/AndroidManifest.xml:55:13-82
78            android:exported="true"
78-->src/main/AndroidManifest.xml:56:13-36
79            android:label="@string/activity_dynamic_infowindow_adapter" >
79-->src/main/AndroidManifest.xml:57:13-72
80            <meta-data
80-->src/main/AndroidManifest.xml:34:13-36:63
81                android:name="@string/category"
81-->src/main/AndroidManifest.xml:35:17-48
82                android:value="@string/category_infowindow" />
82-->src/main/AndroidManifest.xml:36:17-60
83            <meta-data
83-->src/main/AndroidManifest.xml:37:13-39:69
84                android:name="android.support.PARENT_ACTIVITY"
84-->src/main/AndroidManifest.xml:38:17-63
85                android:value=".activity.FeatureOverviewActivity" />
85-->src/main/AndroidManifest.xml:39:17-66
86        </activity>
87        <activity
87-->src/main/AndroidManifest.xml:65:9-77:20
88            android:name="org.maplibre.android.testapp.activity.annotation.BulkMarkerActivity"
88-->src/main/AndroidManifest.xml:66:13-67
89            android:configChanges="orientation|keyboardHidden|screenSize"
89-->src/main/AndroidManifest.xml:67:13-74
90            android:description="@string/description_add_bulk_markers"
90-->src/main/AndroidManifest.xml:68:13-71
91            android:exported="true"
91-->src/main/AndroidManifest.xml:69:13-36
92            android:label="@string/activity_add_bulk_markers" >
92-->src/main/AndroidManifest.xml:70:13-62
93            <meta-data
93-->src/main/AndroidManifest.xml:34:13-36:63
94                android:name="@string/category"
94-->src/main/AndroidManifest.xml:35:17-48
95                android:value="@string/category_annotation" />
95-->src/main/AndroidManifest.xml:36:17-60
96            <meta-data
96-->src/main/AndroidManifest.xml:37:13-39:69
97                android:name="android.support.PARENT_ACTIVITY"
97-->src/main/AndroidManifest.xml:38:17-63
98                android:value=".activity.FeatureOverviewActivity" />
98-->src/main/AndroidManifest.xml:39:17-66
99        </activity>
100        <activity
100-->src/main/AndroidManifest.xml:78:9-89:20
101            android:name="org.maplibre.android.testapp.activity.style.AnimatedSymbolLayerActivity"
101-->src/main/AndroidManifest.xml:79:13-71
102            android:description="@string/description_animated_symbollayer"
102-->src/main/AndroidManifest.xml:80:13-75
103            android:exported="true"
103-->src/main/AndroidManifest.xml:81:13-36
104            android:label="@string/activity_animated_symbollayer" >
104-->src/main/AndroidManifest.xml:82:13-66
105            <meta-data
105-->src/main/AndroidManifest.xml:34:13-36:63
106                android:name="@string/category"
106-->src/main/AndroidManifest.xml:35:17-48
107                android:value="@string/category_style" />
107-->src/main/AndroidManifest.xml:36:17-60
108            <meta-data
108-->src/main/AndroidManifest.xml:37:13-39:69
109                android:name="android.support.PARENT_ACTIVITY"
109-->src/main/AndroidManifest.xml:38:17-63
110                android:value=".activity.FeatureOverviewActivity" />
110-->src/main/AndroidManifest.xml:39:17-66
111        </activity>
112        <activity
112-->src/main/AndroidManifest.xml:90:9-101:20
113            android:name="org.maplibre.android.testapp.activity.annotation.DynamicMarkerChangeActivity"
113-->src/main/AndroidManifest.xml:91:13-76
114            android:description="@string/description_dynamic_marker"
114-->src/main/AndroidManifest.xml:92:13-69
115            android:exported="true"
115-->src/main/AndroidManifest.xml:93:13-36
116            android:label="@string/activity_dynamic_marker" >
116-->src/main/AndroidManifest.xml:94:13-60
117            <meta-data
117-->src/main/AndroidManifest.xml:34:13-36:63
118                android:name="@string/category"
118-->src/main/AndroidManifest.xml:35:17-48
119                android:value="@string/category_annotation" />
119-->src/main/AndroidManifest.xml:36:17-60
120            <meta-data
120-->src/main/AndroidManifest.xml:37:13-39:69
121                android:name="android.support.PARENT_ACTIVITY"
121-->src/main/AndroidManifest.xml:38:17-63
122                android:value=".activity.FeatureOverviewActivity" />
122-->src/main/AndroidManifest.xml:39:17-66
123        </activity>
124        <activity
124-->src/main/AndroidManifest.xml:102:9-113:20
125            android:name="org.maplibre.android.testapp.activity.annotation.PressForMarkerActivity"
125-->src/main/AndroidManifest.xml:103:13-71
126            android:description="@string/description_press_for_marker"
126-->src/main/AndroidManifest.xml:104:13-71
127            android:exported="true"
127-->src/main/AndroidManifest.xml:105:13-36
128            android:label="@string/activity_press_for_marker" >
128-->src/main/AndroidManifest.xml:106:13-62
129            <meta-data
129-->src/main/AndroidManifest.xml:34:13-36:63
130                android:name="@string/category"
130-->src/main/AndroidManifest.xml:35:17-48
131                android:value="@string/category_annotation" />
131-->src/main/AndroidManifest.xml:36:17-60
132            <meta-data
132-->src/main/AndroidManifest.xml:37:13-39:69
133                android:name="android.support.PARENT_ACTIVITY"
133-->src/main/AndroidManifest.xml:38:17-63
134                android:value=".activity.FeatureOverviewActivity" />
134-->src/main/AndroidManifest.xml:39:17-66
135        </activity>
136        <activity
136-->src/main/AndroidManifest.xml:114:9-126:20
137            android:name="org.maplibre.android.testapp.activity.annotation.JsonApiActivity"
137-->src/main/AndroidManifest.xml:115:13-64
138            android:configChanges="orientation|keyboardHidden|screenSize"
138-->src/main/AndroidManifest.xml:116:13-74
139            android:description="@string/description_add_makers_by_json_api"
139-->src/main/AndroidManifest.xml:117:13-77
140            android:exported="true"
140-->src/main/AndroidManifest.xml:118:13-36
141            android:label="@string/activity_json_api" >
141-->src/main/AndroidManifest.xml:119:13-54
142            <meta-data
142-->src/main/AndroidManifest.xml:34:13-36:63
143                android:name="@string/category"
143-->src/main/AndroidManifest.xml:35:17-48
144                android:value="@string/category_annotation" />
144-->src/main/AndroidManifest.xml:36:17-60
145            <meta-data
145-->src/main/AndroidManifest.xml:37:13-39:69
146                android:name="android.support.PARENT_ACTIVITY"
146-->src/main/AndroidManifest.xml:38:17-63
147                android:value=".activity.FeatureOverviewActivity" />
147-->src/main/AndroidManifest.xml:39:17-66
148        </activity>
149        <activity
149-->src/main/AndroidManifest.xml:127:9-138:20
150            android:name="org.maplibre.android.testapp.activity.camera.CameraAnimationTypeActivity"
150-->src/main/AndroidManifest.xml:128:13-72
151            android:description="@string/description_camera_animation_types"
151-->src/main/AndroidManifest.xml:129:13-77
152            android:exported="true"
152-->src/main/AndroidManifest.xml:130:13-36
153            android:label="@string/activity_camera_animation_types" >
153-->src/main/AndroidManifest.xml:131:13-68
154            <meta-data
154-->src/main/AndroidManifest.xml:34:13-36:63
155                android:name="@string/category"
155-->src/main/AndroidManifest.xml:35:17-48
156                android:value="@string/category_camera" />
156-->src/main/AndroidManifest.xml:36:17-60
157            <meta-data
157-->src/main/AndroidManifest.xml:37:13-39:69
158                android:name="android.support.PARENT_ACTIVITY"
158-->src/main/AndroidManifest.xml:38:17-63
159                android:value=".activity.FeatureOverviewActivity" />
159-->src/main/AndroidManifest.xml:39:17-66
160        </activity>
161        <activity
161-->src/main/AndroidManifest.xml:139:9-150:20
162            android:name="org.maplibre.android.testapp.activity.camera.CameraAnimatorActivity"
162-->src/main/AndroidManifest.xml:140:13-67
163            android:description="@string/description_camera_animator"
163-->src/main/AndroidManifest.xml:141:13-70
164            android:exported="true"
164-->src/main/AndroidManifest.xml:142:13-36
165            android:label="@string/activity_camera_animator" >
165-->src/main/AndroidManifest.xml:143:13-61
166            <meta-data
166-->src/main/AndroidManifest.xml:34:13-36:63
167                android:name="@string/category"
167-->src/main/AndroidManifest.xml:35:17-48
168                android:value="@string/category_camera" />
168-->src/main/AndroidManifest.xml:36:17-60
169            <meta-data
169-->src/main/AndroidManifest.xml:37:13-39:69
170                android:name="android.support.PARENT_ACTIVITY"
170-->src/main/AndroidManifest.xml:38:17-63
171                android:value=".activity.FeatureOverviewActivity" />
171-->src/main/AndroidManifest.xml:39:17-66
172        </activity>
173        <activity
173-->src/main/AndroidManifest.xml:151:9-163:20
174            android:name="org.maplibre.android.testapp.activity.camera.CameraPositionActivity"
174-->src/main/AndroidManifest.xml:152:13-67
175            android:description="@string/description_cameraposition"
175-->src/main/AndroidManifest.xml:153:13-69
176            android:exported="true"
176-->src/main/AndroidManifest.xml:154:13-36
177            android:label="@string/activity_camera_position"
177-->src/main/AndroidManifest.xml:155:13-61
178            android:theme="@style/NoActionBar" >
178-->src/main/AndroidManifest.xml:156:13-47
179            <meta-data
179-->src/main/AndroidManifest.xml:34:13-36:63
180                android:name="@string/category"
180-->src/main/AndroidManifest.xml:35:17-48
181                android:value="@string/category_camera" />
181-->src/main/AndroidManifest.xml:36:17-60
182            <meta-data
182-->src/main/AndroidManifest.xml:37:13-39:69
183                android:name="android.support.PARENT_ACTIVITY"
183-->src/main/AndroidManifest.xml:38:17-63
184                android:value=".activity.FeatureOverviewActivity" />
184-->src/main/AndroidManifest.xml:39:17-66
185        </activity>
186        <activity
186-->src/main/AndroidManifest.xml:164:9-176:20
187            android:name="org.maplibre.android.testapp.activity.camera.LatLngBoundsActivity"
187-->src/main/AndroidManifest.xml:165:13-65
188            android:description="@string/description_visible_bounds"
188-->src/main/AndroidManifest.xml:166:13-69
189            android:exported="true"
189-->src/main/AndroidManifest.xml:167:13-36
190            android:label="@string/activity_visible_coordinate_bounds"
190-->src/main/AndroidManifest.xml:168:13-71
191            android:screenOrientation="portrait" >
191-->src/main/AndroidManifest.xml:169:13-49
192            <meta-data
192-->src/main/AndroidManifest.xml:34:13-36:63
193                android:name="@string/category"
193-->src/main/AndroidManifest.xml:35:17-48
194                android:value="@string/category_camera" />
194-->src/main/AndroidManifest.xml:36:17-60
195            <meta-data
195-->src/main/AndroidManifest.xml:37:13-39:69
196                android:name="android.support.PARENT_ACTIVITY"
196-->src/main/AndroidManifest.xml:38:17-63
197                android:value=".activity.FeatureOverviewActivity" />
197-->src/main/AndroidManifest.xml:39:17-66
198        </activity>
199        <activity
199-->src/main/AndroidManifest.xml:177:9-188:20
200            android:name="org.maplibre.android.testapp.activity.fragment.MapFragmentActivity"
200-->src/main/AndroidManifest.xml:178:13-66
201            android:description="@string/description_map_fragment"
201-->src/main/AndroidManifest.xml:179:13-67
202            android:exported="true"
202-->src/main/AndroidManifest.xml:180:13-36
203            android:label="@string/activity_map_fragment" >
203-->src/main/AndroidManifest.xml:181:13-58
204            <meta-data
204-->src/main/AndroidManifest.xml:34:13-36:63
205                android:name="@string/category"
205-->src/main/AndroidManifest.xml:35:17-48
206                android:value="@string/category_fragment" />
206-->src/main/AndroidManifest.xml:36:17-60
207            <meta-data
207-->src/main/AndroidManifest.xml:37:13-39:69
208                android:name="android.support.PARENT_ACTIVITY"
208-->src/main/AndroidManifest.xml:38:17-63
209                android:value=".activity.FeatureOverviewActivity" />
209-->src/main/AndroidManifest.xml:39:17-66
210        </activity>
211        <activity
211-->src/main/AndroidManifest.xml:189:9-200:20
212            android:name="org.maplibre.android.testapp.activity.fragment.SupportMapFragmentActivity"
212-->src/main/AndroidManifest.xml:190:13-73
213            android:description="@string/description_map_fragment_support"
213-->src/main/AndroidManifest.xml:191:13-75
214            android:exported="true"
214-->src/main/AndroidManifest.xml:192:13-36
215            android:label="@string/activity_map_fragment_support" >
215-->src/main/AndroidManifest.xml:193:13-66
216            <meta-data
216-->src/main/AndroidManifest.xml:34:13-36:63
217                android:name="@string/category"
217-->src/main/AndroidManifest.xml:35:17-48
218                android:value="@string/category_fragment" />
218-->src/main/AndroidManifest.xml:36:17-60
219            <meta-data
219-->src/main/AndroidManifest.xml:37:13-39:69
220                android:name="android.support.PARENT_ACTIVITY"
220-->src/main/AndroidManifest.xml:38:17-63
221                android:value=".activity.FeatureOverviewActivity" />
221-->src/main/AndroidManifest.xml:39:17-66
222        </activity>
223        <activity
223-->src/main/AndroidManifest.xml:201:9-213:20
224            android:name="org.maplibre.android.testapp.activity.fragment.FragmentBackStackActivity"
224-->src/main/AndroidManifest.xml:202:13-72
225            android:description="@string/description_map_fragment_backstack"
225-->src/main/AndroidManifest.xml:203:13-77
226            android:exported="true"
226-->src/main/AndroidManifest.xml:204:13-36
227            android:label="@string/activity_map_fragment_backstack"
227-->src/main/AndroidManifest.xml:205:13-68
228            android:launchMode="singleInstance" >
228-->src/main/AndroidManifest.xml:206:13-48
229            <meta-data
229-->src/main/AndroidManifest.xml:34:13-36:63
230                android:name="@string/category"
230-->src/main/AndroidManifest.xml:35:17-48
231                android:value="@string/category_integration" />
231-->src/main/AndroidManifest.xml:36:17-60
232            <meta-data
232-->src/main/AndroidManifest.xml:37:13-39:69
233                android:name="android.support.PARENT_ACTIVITY"
233-->src/main/AndroidManifest.xml:38:17-63
234                android:value=".activity.FeatureOverviewActivity" />
234-->src/main/AndroidManifest.xml:39:17-66
235        </activity>
236        <activity
236-->src/main/AndroidManifest.xml:214:9-225:20
237            android:name="org.maplibre.android.testapp.activity.fragment.MultiMapActivity"
237-->src/main/AndroidManifest.xml:215:13-63
238            android:description="@string/description_multimap"
238-->src/main/AndroidManifest.xml:216:13-63
239            android:exported="true"
239-->src/main/AndroidManifest.xml:217:13-36
240            android:label="@string/activity_multimap" >
240-->src/main/AndroidManifest.xml:218:13-54
241            <meta-data
241-->src/main/AndroidManifest.xml:34:13-36:63
242                android:name="@string/category"
242-->src/main/AndroidManifest.xml:35:17-48
243                android:value="@string/category_fragment" />
243-->src/main/AndroidManifest.xml:36:17-60
244            <meta-data
244-->src/main/AndroidManifest.xml:37:13-39:69
245                android:name="android.support.PARENT_ACTIVITY"
245-->src/main/AndroidManifest.xml:38:17-63
246                android:value=".activity.FeatureOverviewActivity" />
246-->src/main/AndroidManifest.xml:39:17-66
247        </activity>
248        <activity
248-->src/main/AndroidManifest.xml:226:9-237:20
249            android:name="org.maplibre.android.testapp.activity.camera.ManualZoomActivity"
249-->src/main/AndroidManifest.xml:227:13-63
250            android:description="@string/description_camera_zoom"
250-->src/main/AndroidManifest.xml:228:13-66
251            android:exported="true"
251-->src/main/AndroidManifest.xml:229:13-36
252            android:label="@string/activity_camera_zoom" >
252-->src/main/AndroidManifest.xml:230:13-57
253            <meta-data
253-->src/main/AndroidManifest.xml:34:13-36:63
254                android:name="@string/category"
254-->src/main/AndroidManifest.xml:35:17-48
255                android:value="@string/category_camera" />
255-->src/main/AndroidManifest.xml:36:17-60
256            <meta-data
256-->src/main/AndroidManifest.xml:37:13-39:69
257                android:name="android.support.PARENT_ACTIVITY"
257-->src/main/AndroidManifest.xml:38:17-63
258                android:value=".activity.FeatureOverviewActivity" />
258-->src/main/AndroidManifest.xml:39:17-66
259        </activity>
260        <activity
260-->src/main/AndroidManifest.xml:238:9-249:20
261            android:name="org.maplibre.android.testapp.activity.camera.MaxMinZoomActivity"
261-->src/main/AndroidManifest.xml:239:13-63
262            android:description="@string/description_minmax_zoom"
262-->src/main/AndroidManifest.xml:240:13-66
263            android:exported="true"
263-->src/main/AndroidManifest.xml:241:13-36
264            android:label="@string/activity_minmax_zoom" >
264-->src/main/AndroidManifest.xml:242:13-57
265            <meta-data
265-->src/main/AndroidManifest.xml:34:13-36:63
266                android:name="@string/category"
266-->src/main/AndroidManifest.xml:35:17-48
267                android:value="@string/category_camera" />
267-->src/main/AndroidManifest.xml:36:17-60
268            <meta-data
268-->src/main/AndroidManifest.xml:37:13-39:69
269                android:name="android.support.PARENT_ACTIVITY"
269-->src/main/AndroidManifest.xml:38:17-63
270                android:value=".activity.FeatureOverviewActivity" />
270-->src/main/AndroidManifest.xml:39:17-66
271        </activity>
272        <activity
272-->src/main/AndroidManifest.xml:250:9-261:20
273            android:name="org.maplibre.android.testapp.activity.customlayer.CustomLayerActivity"
273-->src/main/AndroidManifest.xml:251:13-69
274            android:description="@string/description_custom_layer"
274-->src/main/AndroidManifest.xml:252:13-67
275            android:exported="true"
275-->src/main/AndroidManifest.xml:253:13-36
276            android:label="@string/activity_custom_layer" >
276-->src/main/AndroidManifest.xml:254:13-58
277            <meta-data
277-->src/main/AndroidManifest.xml:34:13-36:63
278                android:name="@string/category"
278-->src/main/AndroidManifest.xml:35:17-48
279                android:value="@string/category_custom_layer" />
279-->src/main/AndroidManifest.xml:36:17-60
280            <meta-data
280-->src/main/AndroidManifest.xml:37:13-39:69
281                android:name="android.support.PARENT_ACTIVITY"
281-->src/main/AndroidManifest.xml:38:17-63
282                android:value=".activity.FeatureOverviewActivity" />
282-->src/main/AndroidManifest.xml:39:17-66
283        </activity>
284        <activity
284-->src/main/AndroidManifest.xml:262:9-273:20
285            android:name="org.maplibre.android.testapp.activity.annotation.PolygonActivity"
285-->src/main/AndroidManifest.xml:263:13-64
286            android:description="@string/description_polygon"
286-->src/main/AndroidManifest.xml:264:13-62
287            android:exported="true"
287-->src/main/AndroidManifest.xml:265:13-36
288            android:label="@string/activity_polygon" >
288-->src/main/AndroidManifest.xml:266:13-53
289            <meta-data
289-->src/main/AndroidManifest.xml:34:13-36:63
290                android:name="@string/category"
290-->src/main/AndroidManifest.xml:35:17-48
291                android:value="@string/category_annotation" />
291-->src/main/AndroidManifest.xml:36:17-60
292            <meta-data
292-->src/main/AndroidManifest.xml:37:13-39:69
293                android:name="android.support.PARENT_ACTIVITY"
293-->src/main/AndroidManifest.xml:38:17-63
294                android:value=".activity.FeatureOverviewActivity" />
294-->src/main/AndroidManifest.xml:39:17-66
295        </activity>
296        <activity
296-->src/main/AndroidManifest.xml:274:9-285:20
297            android:name="org.maplibre.android.testapp.activity.annotation.PolylineActivity"
297-->src/main/AndroidManifest.xml:275:13-65
298            android:description="@string/description_polyline"
298-->src/main/AndroidManifest.xml:276:13-63
299            android:exported="true"
299-->src/main/AndroidManifest.xml:277:13-36
300            android:label="@string/activity_polyline" >
300-->src/main/AndroidManifest.xml:278:13-54
301            <meta-data
301-->src/main/AndroidManifest.xml:34:13-36:63
302                android:name="@string/category"
302-->src/main/AndroidManifest.xml:35:17-48
303                android:value="@string/category_annotation" />
303-->src/main/AndroidManifest.xml:36:17-60
304            <meta-data
304-->src/main/AndroidManifest.xml:37:13-39:69
305                android:name="android.support.PARENT_ACTIVITY"
305-->src/main/AndroidManifest.xml:38:17-63
306                android:value=".activity.FeatureOverviewActivity" />
306-->src/main/AndroidManifest.xml:39:17-66
307        </activity>
308        <activity
308-->src/main/AndroidManifest.xml:286:9-298:20
309            android:name="org.maplibre.android.testapp.activity.camera.ScrollByActivity"
309-->src/main/AndroidManifest.xml:287:13-61
310            android:description="@string/description_scroll_by"
310-->src/main/AndroidManifest.xml:288:13-64
311            android:exported="true"
311-->src/main/AndroidManifest.xml:289:13-36
312            android:label="@string/activity_scroll_by"
312-->src/main/AndroidManifest.xml:290:13-55
313            android:theme="@style/NoActionBar" >
313-->src/main/AndroidManifest.xml:291:13-47
314            <meta-data
314-->src/main/AndroidManifest.xml:34:13-36:63
315                android:name="@string/category"
315-->src/main/AndroidManifest.xml:35:17-48
316                android:value="@string/category_camera" />
316-->src/main/AndroidManifest.xml:36:17-60
317            <meta-data
317-->src/main/AndroidManifest.xml:37:13-39:69
318                android:name="android.support.PARENT_ACTIVITY"
318-->src/main/AndroidManifest.xml:38:17-63
319                android:value=".activity.FeatureOverviewActivity" />
319-->src/main/AndroidManifest.xml:39:17-66
320        </activity>
321        <activity
321-->src/main/AndroidManifest.xml:299:9-311:20
322            android:name="org.maplibre.android.testapp.activity.maplayout.MapPaddingActivity"